<?xml version="1.0" encoding="UTF-8"?>
<Site BuildName="(empty)"
	BuildStamp="20240627-0718-Experimental"
	Name="superbrain"
	Generator="ctest-3.16.3"
	CompilerName="/usr/bin/c++"
	CompilerVersion="9.4.0"
	OSName="Linux"
	Hostname="superbrain"
	OSRelease="5.10.158"
	OSVersion="#80 SMP PREEMPT Tue Feb 21 18:08:11 CST 2023"
	OSPlatform="aarch64"
	Is64Bits="1"
	VendorString=""
	VendorID="Unknown Manufacturer"
	FamilyID="8"
	ModelID="0"
	ProcessorCacheSize="0"
	NumberOfLogicalCPU="8"
	NumberOfPhysicalCPU="1"
	TotalVirtualMemory="0"
	TotalPhysicalMemory="7673"
	LogicalProcessorsPerPhysical="8"
	ProcessorClockFrequency="0"
	>
	<Testing>
		<StartDateTime>Jun 27 15:18 CST</StartDateTime>
		<StartTestTime>1719472716</StartTestTime>
		<TestList/>
		<EndDateTime>Jun 27 15:18 CST</EndDateTime>
		<EndTestTime>1719472716</EndTestTime>
		<ElapsedMinutes>0</ElapsedMinutes>
	</Testing>
</Site>
